app/build/intermediates/manifest_merge_blame_file/release/manifest-merger-blame-release-report.txt
1<?xml version="1.0" encoding="utf-8"?>
2<manifest xmlns:android="http://schemas.android.com/apk/res/android"
3    package="com.njvidhyalay.myapp"
4    android:versionCode="9"
5    android:versionName="1.9" >
6
7    <uses-sdk
8        android:minSdkVersion="16"
8-->src\main\AndroidManifest.xml
9        android:targetSdkVersion="29" />
9-->src\main\AndroidManifest.xml
10
11    <uses-permission android:name="android.permission.INTERNET" />
11-->src\main\AndroidManifest.xml:4:5-66
11-->src\main\AndroidManifest.xml:4:22-64
12    <uses-permission android:name="android.permission.WRITE_EXTERNAL_STORAGE" />
12-->src\main\AndroidManifest.xml:5:5-80
12-->src\main\AndroidManifest.xml:5:22-78
13    <uses-permission android:name="android.permission.READ_EXTERNAL_STORAGE" />
13-->src\main\AndroidManifest.xml:6:5-79
13-->src\main\AndroidManifest.xml:6:22-77
14
15    <!-- Although the *SdkVersion is captured in gradle build files, this is required for non gradle builds -->
16    <!-- <uses-sdk android:minSdkVersion="14"/> -->
17    <uses-permission android:name="android.permission.ACCESS_NETWORK_STATE" /> <!-- Permission will be merged into the manifest of the hosting app. -->
17-->[com.google.firebase:firebase-database:19.3.0] AndroidManifest.xml:25:5-79
17-->[com.google.firebase:firebase-database:19.3.0] AndroidManifest.xml:25:22-76
18    <!-- Is required to launch foreground extraction service for targetSdkVersion 28+. -->
19    <uses-permission android:name="android.permission.FOREGROUND_SERVICE" />
19-->[com.google.android.play:core:1.7.3] AndroidManifest.xml:8:3-74
19-->[com.google.android.play:core:1.7.3] AndroidManifest.xml:8:20-72
20    <uses-permission android:name="android.permission.WAKE_LOCK" /> <!-- Required by older versions of Google Play services to create IID tokens -->
20-->[com.google.firebase:firebase-iid:20.2.0] AndroidManifest.xml:24:5-68
20-->[com.google.firebase:firebase-iid:20.2.0] AndroidManifest.xml:24:22-65
21    <uses-permission android:name="com.google.android.c2dm.permission.RECEIVE" />
21-->[com.google.firebase:firebase-iid:20.2.0] AndroidManifest.xml:26:5-82
21-->[com.google.firebase:firebase-iid:20.2.0] AndroidManifest.xml:26:22-79
22
23    <application
23-->src\main\AndroidManifest.xml:8:5-81:19
24        android:name="androidx.multidex.MultiDexApplication"
25        android:allowBackup="true"
25-->src\main\AndroidManifest.xml:9:9-35
26        android:appComponentFactory="androidx.core.app.CoreComponentFactory"
26-->[androidx.core:core:1.2.0] AndroidManifest.xml:24:18-86
27        android:icon="@mipmap/ic_launcher"
27-->src\main\AndroidManifest.xml:10:9-43
28        android:label="NJVidhyalay"
28-->src\main\AndroidManifest.xml:11:9-36
29        android:supportsRtl="true"
29-->src\main\AndroidManifest.xml:12:9-35
30        android:theme="@style/AppTheme" >
30-->src\main\AndroidManifest.xml:13:3-34
31
32        <!-- <meta-data -->
33        <!-- android:name="com.google.android.gms.ads.APPLICATION_ID" -->
34        <!-- android:value="ca-app-pub-8203345875469099~1285727289"/> -->
35
36        <activity
36-->src\main\AndroidManifest.xml:19:9-21:20
37            android:name="com.njvidhyalay.myapp.MainActivity"
37-->src\main\AndroidManifest.xml:19:19-68
38            android:noHistory="true" >
38-->src\main\AndroidManifest.xml:19:69-93
39        </activity>
40        <activity
40-->src\main\AndroidManifest.xml:23:9-25:20
41            android:name="com.njvidhyalay.myapp.Marks"
41-->src\main\AndroidManifest.xml:23:19-61
42            android:noHistory="true" >
42-->src\main\AndroidManifest.xml:23:62-86
43        </activity>
44        <activity
44-->src\main\AndroidManifest.xml:27:9-29:20
45            android:name="com.njvidhyalay.myapp.LeaderBoard"
45-->src\main\AndroidManifest.xml:27:19-67
46            android:noHistory="true" >
46-->src\main\AndroidManifest.xml:27:68-92
47        </activity>
48        <activity android:name="com.njvidhyalay.myapp.AfterLoginOptionClass" >
48-->src\main\AndroidManifest.xml:32:3-34:14
48-->src\main\AndroidManifest.xml:32:13-71
49        </activity>
50        <activity android:name="com.njvidhyalay.myapp.assignmentupload" >
50-->src\main\AndroidManifest.xml:36:9-38:20
50-->src\main\AndroidManifest.xml:36:19-72
51        </activity>
52        <activity android:name="com.njvidhyalay.myapp.videolectureinfo" >
52-->src\main\AndroidManifest.xml:40:9-42:20
52-->src\main\AndroidManifest.xml:40:19-72
53        </activity>
54        <activity android:name="com.njvidhyalay.myapp.assignmentdate" >
54-->src\main\AndroidManifest.xml:44:9-46:20
54-->src\main\AndroidManifest.xml:44:19-70
55        </activity>
56        <activity android:name="com.njvidhyalay.myapp.assignmentclassification" >
56-->src\main\AndroidManifest.xml:47:9-49:20
56-->src\main\AndroidManifest.xml:47:19-80
57        </activity>
58        <activity android:name="com.njvidhyalay.myapp.material" >
58-->src\main\AndroidManifest.xml:50:9-52:20
58-->src\main\AndroidManifest.xml:50:19-64
59        </activity>
60        <activity android:name="com.njvidhyalay.myapp.pdfvie" >
60-->src\main\AndroidManifest.xml:53:9-55:20
60-->src\main\AndroidManifest.xml:53:19-62
61        </activity>
62        <activity android:name="com.njvidhyalay.myapp.bookview" >
62-->src\main\AndroidManifest.xml:57:9-59:20
62-->src\main\AndroidManifest.xml:57:19-64
63        </activity>
64        <activity android:name="com.njvidhyalay.myapp.bookpdfview" >
64-->src\main\AndroidManifest.xml:60:9-62:20
64-->src\main\AndroidManifest.xml:60:19-67
65        </activity>
66        <activity android:name="com.njvidhyalay.myapp.attendence" >
66-->src\main\AndroidManifest.xml:63:9-65:20
66-->src\main\AndroidManifest.xml:63:19-66
67        </activity>
68        <activity android:name="com.njvidhyalay.myapp.NoticeBoard" >
68-->src\main\AndroidManifest.xml:66:9-68:20
68-->src\main\AndroidManifest.xml:66:19-67
69        </activity>
70        <activity android:name="com.njvidhyalay.myapp.materialclassification" >
70-->src\main\AndroidManifest.xml:69:9-71:16
70-->src\main\AndroidManifest.xml:69:19-78
71        </activity>
72        <activity android:name="com.njvidhyalay.myapp.SplashScreen" >
72-->src\main\AndroidManifest.xml:73:9-79:20
72-->src\main\AndroidManifest.xml:73:19-68
73            <intent-filter>
73-->src\main\AndroidManifest.xml:74:13-78:29
74                <action android:name="android.intent.action.MAIN" />
74-->src\main\AndroidManifest.xml:75:17-69
74-->src\main\AndroidManifest.xml:75:25-66
75
76                <category android:name="android.intent.category.DEFAULT" />
76-->src\main\AndroidManifest.xml:76:17-75
76-->src\main\AndroidManifest.xml:76:27-73
77                <category android:name="android.intent.category.LAUNCHER" />
77-->src\main\AndroidManifest.xml:77:17-77
77-->src\main\AndroidManifest.xml:77:27-74
78            </intent-filter>
79        </activity>
80        <activity
80-->[gun0912.ted:tedpermission:2.2.2] AndroidManifest.xml:10:9-14:67
81            android:name="com.gun0912.tedpermission.TedPermissionActivity"
81-->[gun0912.ted:tedpermission:2.2.2] AndroidManifest.xml:11:13-75
82            android:configChanges="mcc|mnc|locale|keyboard|keyboardHidden|screenLayout|fontScale|uiMode|orientation|screenSize|layoutDirection"
82-->[gun0912.ted:tedpermission:2.2.2] AndroidManifest.xml:12:13-144
83            android:screenOrientation="unspecified"
83-->[gun0912.ted:tedpermission:2.2.2] AndroidManifest.xml:13:13-52
84            android:theme="@style/Theme.Transparent.Permission" />
84-->[gun0912.ted:tedpermission:2.2.2] AndroidManifest.xml:14:13-64
85
86        <service
86-->[com.google.firebase:firebase-database:19.3.0] AndroidManifest.xml:29:9-35:19
87            android:name="com.google.firebase.components.ComponentDiscoveryService"
87-->[com.google.firebase:firebase-database:19.3.0] AndroidManifest.xml:30:13-84
88            android:directBootAware="true"
88-->[com.google.firebase:firebase-common:19.3.0] AndroidManifest.xml:34:13-43
89            android:exported="false" >
89-->[com.google.firebase:firebase-database:19.3.0] AndroidManifest.xml:31:13-37
90            <meta-data
90-->[com.google.firebase:firebase-database:19.3.0] AndroidManifest.xml:32:13-34:85
91                android:name="com.google.firebase.components:com.google.firebase.database.DatabaseRegistrar"
91-->[com.google.firebase:firebase-database:19.3.0] AndroidManifest.xml:33:17-109
92                android:value="com.google.firebase.components.ComponentRegistrar" />
92-->[com.google.firebase:firebase-database:19.3.0] AndroidManifest.xml:34:17-82
93            <meta-data
93-->[com.google.firebase:firebase-auth:19.3.1] AndroidManifest.xml:36:13-38:85
94                android:name="com.google.firebase.components:com.google.firebase.auth.FirebaseAuthRegistrar"
94-->[com.google.firebase:firebase-auth:19.3.1] AndroidManifest.xml:37:17-109
95                android:value="com.google.firebase.components.ComponentRegistrar" />
95-->[com.google.firebase:firebase-auth:19.3.1] AndroidManifest.xml:38:17-82
96            <meta-data
96-->[com.google.firebase:firebase-messaging:20.2.0] AndroidManifest.xml:39:13-41:85
97                android:name="com.google.firebase.components:com.google.firebase.messaging.FirebaseMessagingRegistrar"
97-->[com.google.firebase:firebase-messaging:20.2.0] AndroidManifest.xml:40:17-119
98                android:value="com.google.firebase.components.ComponentRegistrar" />
98-->[com.google.firebase:firebase-messaging:20.2.0] AndroidManifest.xml:41:17-82
99            <meta-data
99-->[com.google.firebase:firebase-firestore:21.4.3] AndroidManifest.xml:20:13-22:85
100                android:name="com.google.firebase.components:com.google.firebase.firestore.FirestoreRegistrar"
100-->[com.google.firebase:firebase-firestore:21.4.3] AndroidManifest.xml:21:17-111
101                android:value="com.google.firebase.components.ComponentRegistrar" />
101-->[com.google.firebase:firebase-firestore:21.4.3] AndroidManifest.xml:22:17-82
102            <meta-data
102-->[com.google.firebase:firebase-storage:19.1.1] AndroidManifest.xml:33:13-35:85
103                android:name="com.google.firebase.components:com.google.firebase.storage.StorageRegistrar"
103-->[com.google.firebase:firebase-storage:19.1.1] AndroidManifest.xml:34:17-107
104                android:value="com.google.firebase.components.ComponentRegistrar" />
104-->[com.google.firebase:firebase-storage:19.1.1] AndroidManifest.xml:35:17-82
105            <meta-data
105-->[com.google.firebase:firebase-datatransport:17.0.3] AndroidManifest.xml:28:13-30:85
106                android:name="com.google.firebase.components:com.google.firebase.datatransport.TransportRegistrar"
106-->[com.google.firebase:firebase-datatransport:17.0.3] AndroidManifest.xml:29:17-115
107                android:value="com.google.firebase.components.ComponentRegistrar" />
107-->[com.google.firebase:firebase-datatransport:17.0.3] AndroidManifest.xml:30:17-82
108            <meta-data
108-->[com.google.firebase:firebase-iid:20.2.0] AndroidManifest.xml:32:13-34:85
109                android:name="com.google.firebase.components:com.google.firebase.iid.Registrar"
109-->[com.google.firebase:firebase-iid:20.2.0] AndroidManifest.xml:33:17-96
110                android:value="com.google.firebase.components.ComponentRegistrar" />
110-->[com.google.firebase:firebase-iid:20.2.0] AndroidManifest.xml:34:17-82
111            <meta-data
111-->[com.google.firebase:firebase-installations:16.3.1] AndroidManifest.xml:17:13-19:85
112                android:name="com.google.firebase.components:com.google.firebase.installations.FirebaseInstallationsRegistrar"
112-->[com.google.firebase:firebase-installations:16.3.1] AndroidManifest.xml:18:17-127
113                android:value="com.google.firebase.components.ComponentRegistrar" />
113-->[com.google.firebase:firebase-installations:16.3.1] AndroidManifest.xml:19:17-82
114        </service>
115
116        <activity
116-->[com.google.firebase:firebase-auth:19.3.1] AndroidManifest.xml:24:9-31:50
117            android:name="com.google.firebase.auth.internal.FederatedSignInActivity"
117-->[com.google.firebase:firebase-auth:19.3.1] AndroidManifest.xml:25:13-85
118            android:excludeFromRecents="true"
118-->[com.google.firebase:firebase-auth:19.3.1] AndroidManifest.xml:26:13-46
119            android:exported="true"
119-->[com.google.firebase:firebase-auth:19.3.1] AndroidManifest.xml:27:13-36
120            android:launchMode="singleTask"
120-->[com.google.firebase:firebase-auth:19.3.1] AndroidManifest.xml:28:13-44
121            android:permission="com.google.firebase.auth.api.gms.permission.LAUNCH_FEDERATED_SIGN_IN"
121-->[com.google.firebase:firebase-auth:19.3.1] AndroidManifest.xml:29:13-102
122            android:theme="@android:style/Theme.Translucent.NoTitleBar" />
122-->[com.google.firebase:firebase-auth:19.3.1] AndroidManifest.xml:30:13-72
123        <!--
124             FirebaseMessagingService performs security checks at runtime,
125             but set to not exported to explicitly avoid allowing another app to call it.
126        -->
127        <service
127-->[com.google.firebase:firebase-messaging:20.2.0] AndroidManifest.xml:28:9-35:19
128            android:name="com.google.firebase.messaging.FirebaseMessagingService"
128-->[com.google.firebase:firebase-messaging:20.2.0] AndroidManifest.xml:29:13-82
129            android:directBootAware="true"
129-->[com.google.firebase:firebase-messaging:20.2.0] AndroidManifest.xml:30:13-43
130            android:exported="false" >
130-->[com.google.firebase:firebase-messaging:20.2.0] AndroidManifest.xml:31:13-37
131            <intent-filter android:priority="-500" >
131-->[com.google.firebase:firebase-messaging:20.2.0] AndroidManifest.xml:32:13-34:29
131-->[com.google.firebase:firebase-messaging:20.2.0] AndroidManifest.xml:32:28-51
132                <action android:name="com.google.firebase.MESSAGING_EVENT" />
132-->[com.google.firebase:firebase-messaging:20.2.0] AndroidManifest.xml:33:17-78
132-->[com.google.firebase:firebase-messaging:20.2.0] AndroidManifest.xml:33:25-75
133            </intent-filter>
134        </service> <!-- The activities will be merged into the manifest of the hosting app. -->
135        <activity
135-->[com.google.android.play:core:1.7.3] AndroidManifest.xml:12:5-271
136            android:name="com.google.android.play.core.missingsplits.PlayCoreMissingSplitsActivity"
136-->[com.google.android.play:core:1.7.3] AndroidManifest.xml:12:15-102
137            android:enabled="false"
137-->[com.google.android.play:core:1.7.3] AndroidManifest.xml:12:103-126
138            android:exported="false"
138-->[com.google.android.play:core:1.7.3] AndroidManifest.xml:12:127-151
139            android:launchMode="singleInstance"
139-->[com.google.android.play:core:1.7.3] AndroidManifest.xml:12:204-239
140            android:process=":playcore_missing_splits_activity"
140-->[com.google.android.play:core:1.7.3] AndroidManifest.xml:12:152-203
141            android:stateNotNeeded="true" />
141-->[com.google.android.play:core:1.7.3] AndroidManifest.xml:12:240-269
142        <activity
142-->[com.google.android.play:core:1.7.3] AndroidManifest.xml:13:5-226
143            android:name="com.google.android.play.core.common.PlayCoreDialogWrapperActivity"
143-->[com.google.android.play:core:1.7.3] AndroidManifest.xml:13:15-95
144            android:enabled="false"
144-->[com.google.android.play:core:1.7.3] AndroidManifest.xml:13:96-119
145            android:exported="false"
145-->[com.google.android.play:core:1.7.3] AndroidManifest.xml:13:120-144
146            android:stateNotNeeded="true"
146-->[com.google.android.play:core:1.7.3] AndroidManifest.xml:13:145-174
147            android:theme="@style/Theme.PlayCore.Transparent" /> <!-- The service will be merged into the manifest of the hosting app. -->
147-->[com.google.android.play:core:1.7.3] AndroidManifest.xml:13:175-224
148        <service
148-->[com.google.android.play:core:1.7.3] AndroidManifest.xml:16:5-145
149            android:name="com.google.android.play.core.assetpacks.AssetPackExtractionService"
149-->[com.google.android.play:core:1.7.3] AndroidManifest.xml:16:14-95
150            android:enabled="false"
150-->[com.google.android.play:core:1.7.3] AndroidManifest.xml:16:96-119
151            android:exported="true" />
151-->[com.google.android.play:core:1.7.3] AndroidManifest.xml:16:120-143
152
153        <receiver
153-->[com.google.firebase:firebase-iid:20.2.0] AndroidManifest.xml:37:9-44:20
154            android:name="com.google.firebase.iid.FirebaseInstanceIdReceiver"
154-->[com.google.firebase:firebase-iid:20.2.0] AndroidManifest.xml:38:13-78
155            android:exported="true"
155-->[com.google.firebase:firebase-iid:20.2.0] AndroidManifest.xml:39:13-36
156            android:permission="com.google.android.c2dm.permission.SEND" >
156-->[com.google.firebase:firebase-iid:20.2.0] AndroidManifest.xml:40:13-73
157            <intent-filter>
157-->[com.google.firebase:firebase-iid:20.2.0] AndroidManifest.xml:41:13-43:29
158                <action android:name="com.google.android.c2dm.intent.RECEIVE" />
158-->[com.google.firebase:firebase-iid:20.2.0] AndroidManifest.xml:42:17-81
158-->[com.google.firebase:firebase-iid:20.2.0] AndroidManifest.xml:42:25-78
159            </intent-filter>
160        </receiver>
161
162        <provider
162-->[com.google.firebase:firebase-common:19.3.0] AndroidManifest.xml:26:9-30:39
163            android:name="com.google.firebase.provider.FirebaseInitProvider"
163-->[com.google.firebase:firebase-common:19.3.0] AndroidManifest.xml:27:13-77
164            android:authorities="com.njvidhyalay.myapp.firebaseinitprovider"
164-->[com.google.firebase:firebase-common:19.3.0] AndroidManifest.xml:28:13-72
165            android:exported="false"
165-->[com.google.firebase:firebase-common:19.3.0] AndroidManifest.xml:29:13-37
166            android:initOrder="100" />
166-->[com.google.firebase:firebase-common:19.3.0] AndroidManifest.xml:30:13-36
167
168        <activity
168-->[com.google.android.gms:play-services-base:17.1.0] AndroidManifest.xml:23:9-26:75
169            android:name="com.google.android.gms.common.api.GoogleApiActivity"
169-->[com.google.android.gms:play-services-base:17.1.0] AndroidManifest.xml:24:13-79
170            android:exported="false"
170-->[com.google.android.gms:play-services-base:17.1.0] AndroidManifest.xml:25:13-37
171            android:theme="@android:style/Theme.Translucent.NoTitleBar" />
171-->[com.google.android.gms:play-services-base:17.1.0] AndroidManifest.xml:26:13-72
172
173        <meta-data
173-->[com.google.android.gms:play-services-basement:17.0.0] AndroidManifest.xml:23:9-25:69
174            android:name="com.google.android.gms.version"
174-->[com.google.android.gms:play-services-basement:17.0.0] AndroidManifest.xml:24:13-58
175            android:value="@integer/google_play_services_version" />
175-->[com.google.android.gms:play-services-basement:17.0.0] AndroidManifest.xml:25:13-66
176
177        <service
177-->[com.google.android.datatransport:transport-backend-cct:2.2.0] AndroidManifest.xml:29:9-35:19
178            android:name="com.google.android.datatransport.runtime.backends.TransportBackendDiscovery"
178-->[com.google.android.datatransport:transport-backend-cct:2.2.0] AndroidManifest.xml:30:13-103
179            android:exported="false" >
179-->[com.google.android.datatransport:transport-backend-cct:2.2.0] AndroidManifest.xml:31:13-37
180            <meta-data
180-->[com.google.android.datatransport:transport-backend-cct:2.2.0] AndroidManifest.xml:32:13-34:39
181                android:name="backend:com.google.android.datatransport.cct.CctBackendFactory"
181-->[com.google.android.datatransport:transport-backend-cct:2.2.0] AndroidManifest.xml:33:17-94
182                android:value="cct" />
182-->[com.google.android.datatransport:transport-backend-cct:2.2.0] AndroidManifest.xml:34:17-36
183        </service>
184        <service
184-->[com.google.android.datatransport:transport-runtime:2.2.0] AndroidManifest.xml:26:9-30:19
185            android:name="com.google.android.datatransport.runtime.scheduling.jobscheduling.JobInfoSchedulerService"
185-->[com.google.android.datatransport:transport-runtime:2.2.0] AndroidManifest.xml:27:13-117
186            android:exported="false"
186-->[com.google.android.datatransport:transport-runtime:2.2.0] AndroidManifest.xml:28:13-37
187            android:permission="android.permission.BIND_JOB_SERVICE" >
187-->[com.google.android.datatransport:transport-runtime:2.2.0] AndroidManifest.xml:29:13-69
188        </service>
189
190        <receiver
190-->[com.google.android.datatransport:transport-runtime:2.2.0] AndroidManifest.xml:32:9-34:40
191            android:name="com.google.android.datatransport.runtime.scheduling.jobscheduling.AlarmManagerSchedulerBroadcastReceiver"
191-->[com.google.android.datatransport:transport-runtime:2.2.0] AndroidManifest.xml:33:13-132
192            android:exported="false" />
192-->[com.google.android.datatransport:transport-runtime:2.2.0] AndroidManifest.xml:34:13-37
193    </application>
194
195</manifest>